root - WARNING - start O1 A, O1 A1
root - WARNING - start O1 A, O1 B
root - WARNING - start O1 A, O1 C
root - WARNING - start O1 A, O2
root - WARNING - deserialize O1 A, O1 B
root - WARNING - start O1 A, O3
root - WARNING - deserialize O1 A, O1 A1
root - WARNING - deserialize O1 A, O1 C
root - WARNING - start O1 A, O4
root - WARNING - deserialize O1 A, O2
root - WARNING - start O1 A, O5 ab
root - WARNING - start O1 A, O5 ac
root - WARNING - start O1 A, O6
root - WARNING - deserialize O1 A, O4
root - WARNING - deserialize O1 A, O5 ab
root - WARNING - start O1 A, O7
root - WARNING - deserialize O1 A, O5 ac
root - WARNING - deserialize O1 A, O6
root - WARNING - start O1 A, O8
root - WARNING - start O1 A, O9
root - WARNING - start O1 A, O9 a
root - WARNING - deserialize O1 A, O7
root - WARNING - start O1 A, O10
root - WARNING - start O1 A, O11
root - WARNING - start O1 A, O12
root - WARNING - start O1 A, O13
root - WARNING - start O1 A, O15
root - WARNING - start O1 A, O16
root - WARNING - start O1 A, O17
root - WARNING - start O1 A, O18 A
root - WARNING - start O1 A, O18 A1
root - WARNING - start O1 A, O18 A1A2
root - WARNING - start O1 A, O18 ab
root - WARNING - deserialize O1 A, O9 a
root - WARNING - start O1 A, O18 ac
root - WARNING - deserialize O1 A, O10
root - WARNING - deserialize O1 A, O12
root - WARNING - deserialize O1 A, O13
root - WARNING - deserialize O1 A, O11
root - WARNING - deserialize O1 A, O16
root - WARNING - deserialize O1 A, O17
root - WARNING - deserialize O1 A, O18 A
root - WARNING - deserialize O1 A, O18 A1
root - WARNING - start O1 A, O18 B
root - WARNING - deserialize O1 A, O18 ab
root - WARNING - deserialize O1 A, O18 A1A2
root - WARNING - start O1 A, O18 B1
root - WARNING - start O1 A, O19 ab
root - WARNING - deserialize O1 A, O18 ac
root - WARNING - start O1 A, O20 ab
root - WARNING - start O1 A, O20 ac
root - WARNING - start O1 A, O21
root - WARNING - start O1 A, O22
root - WARNING - start O1 A, O23 A
root - WARNING - start O1 A, O24
root - WARNING - start O1 A, O25
root - WARNING - deserialize O1 A, O18 B
root - WARNING - start O1 A, O26
root - WARNING - deserialize O1 A, O18 B1
root - WARNING - start O1 A, O27
root - WARNING - deserialize O1 A, O20 ab
root - WARNING - deserialize O1 A, O20 ac
root - WARNING - deserialize O1 A, O23 A
root - WARNING - start O1 A, O28 ab
root - WARNING - start O1 A, O28 ac
root - WARNING - start O1 A, O29
root - WARNING - start O1 A, O30
root - WARNING - start O1 A, O32
root - WARNING - deserialize O1 A, O28 ac
root - WARNING - deserialize O1 A, O28 ab
root - WARNING - deserialize O1 A, O29
root - WARNING - start O1 A, O35
root - WARNING - start O1 A, O36
root - WARNING - start O1 A, O37
root - WARNING - deserialize O1 A, O37
root - WARNING - start O1 A, O38
root - WARNING - deserialize O1 A, O38
root - WARNING - start O1 A, O39
root - WARNING - deserialize O1 A, O39
root - WARNING - start O1 A, O40
root - WARNING - deserialize O1 A, O40
root - WARNING - start O1 A, O41
